<?xml version="1.0" encoding="UTF-8"?>
<!-- Generated by org.testng.reporters.JUnitXMLReporter -->
<testsuite ignored="0" hostname="USMUMAWANGA11" failures="0" tests="3" name="Test" time="3.66" errors="0" timestamp="2024-05-03T12:14:14 IST">
  <testcase classname="com.test.testcases.GetTests" name="GetAPlayList" time="2.698"/>
  <testcase classname="com.test.testcases.PutTests" name="updateAPlayList" time="0.58"/>
  <testcase classname="com.test.testcases.PostTests" name="createAPlaylist" time="0.329"/>
</testsuite> <!-- Test -->
